# JRE version: Java(TM) SE Runtime Environment (8.0_211-b12) (build 1.8.0_211-b12)
# Java VM: Java HotSpot(TM) 64-Bit Server VM (25.211-b12 mixed mode windows-amd64 compressed oops)
Heap:
 PSYoungGen      total 142336K, used 60035K [0x00000000d5800000, 0x00000000e1a00000, 0x0000000100000000)
  eden space 131072K, 45% used [0x00000000d5800000,0x00000000d92a0ee8,0x00000000dd800000)
  from space 11264K, 0% used [0x00000000e0f00000,0x00000000e0f00000,0x00000000e1a00000)
  to   space 9216K, 0% used [0x00000000dd800000,0x00000000dd800000,0x00000000de100000)
 ParOldGen       total 86016K, used 18079K [0x0000000080800000, 0x0000000085c00000, 0x00000000d5800000)
  object space 86016K, 21% used [0x0000000080800000,0x00000000819a7d78,0x0000000085c00000)
 Metaspace       used 37245K, capacity 38860K, committed 38952K, reserved 1083392K
  class space    used 4786K, capacity 5088K, committed 5160K, reserved 1048576K
GC Heap History (10 events):
Event: 1.475 GC heap before
{Heap before GC invocations=6 (full 1):
 PSYoungGen      total 71680K, used 5107K [0x00000000d5800000, 0x00000000deb00000, 0x0000000100000000)
  eden space 66560K, 0% used [0x00000000d5800000,0x00000000d5800000,0x00000000d9900000)
  from space 5120K, 99% used [0x00000000d9900000,0x00000000d9dfccb0,0x00000000d9e00000)
  to   space 8704K, 0% used [0x00000000de280000,0x00000000de280000,0x00000000deb00000)
 ParOldGen       total 87552K, used 5619K [0x0000000080800000, 0x0000000085d80000, 0x00000000d5800000)
  object space 87552K, 6% used [0x0000000080800000,0x0000000080d7cf78,0x0000000085d80000)
 Metaspace       used 20667K, capacity 21272K, committed 21296K, reserved 1067008K
  class space    used 2688K, capacity 2844K, committed 2864K, reserved 1048576K
Event: 1.499 GC heap after
Heap after GC invocations=6 (full 1):
 PSYoungGen      total 71680K, used 0K [0x00000000d5800000, 0x00000000deb00000, 0x0000000100000000)
  eden space 66560K, 0% used [0x00000000d5800000,0x00000000d5800000,0x00000000d9900000)
  from space 5120K, 0% used [0x00000000d9900000,0x00000000d9900000,0x00000000d9e00000)
  to   space 8704K, 0% used [0x00000000de280000,0x00000000de280000,0x00000000deb00000)
 ParOldGen       total 53760K, used 6873K [0x0000000080800000, 0x0000000083c80000, 0x00000000d5800000)
  object space 53760K, 12% used [0x0000000080800000,0x0000000080eb6750,0x0000000083c80000)
 Metaspace       used 20667K, capacity 21272K, committed 21296K, reserved 1067008K
  class space    used 2688K, capacity 2844K, committed 2864K, reserved 1048576K
}
Event: 2.258 GC heap before
{Heap before GC invocations=7 (full 1):
 PSYoungGen      total 71680K, used 66560K [0x00000000d5800000, 0x00000000deb00000, 0x0000000100000000)
  eden space 66560K, 100% used [0x00000000d5800000,0x00000000d9900000,0x00000000d9900000)
  from space 5120K, 0% used [0x00000000d9900000,0x00000000d9900000,0x00000000d9e00000)
  to   space 8704K, 0% used [0x00000000de280000,0x00000000de280000,0x00000000deb00000)
 ParOldGen       total 53760K, used 6873K [0x0000000080800000, 0x0000000083c80000, 0x00000000d5800000)
  object space 53760K, 12% used [0x0000000080800000,0x0000000080eb6750,0x0000000083c80000)
 Metaspace       used 25605K, capacity 26344K, committed 26544K, reserved 1073152K
  class space    used 3293K, capacity 3472K, committed 3504K, reserved 1048576K
Event: 2.268 GC heap after
Heap after GC invocations=7 (full 1):
 PSYoungGen      total 117248K, used 7327K [0x00000000d5800000, 0x00000000dea00000, 0x0000000100000000)
  eden space 109568K, 0% used [0x00000000d5800000,0x00000000d5800000,0x00000000dc300000)
  from space 7680K, 95% used [0x00000000de280000,0x00000000de9a7c00,0x00000000dea00000)
  to   space 9216K, 0% used [0x00000000dd800000,0x00000000dd800000,0x00000000de100000)
 ParOldGen       total 53760K, used 6945K [0x0000000080800000, 0x0000000083c80000, 0x00000000d5800000)
  object space 53760K, 12% used [0x0000000080800000,0x0000000080ec8760,0x0000000083c80000)
 Metaspace       used 25605K, capacity 26344K, committed 26544K, reserved 1073152K
  class space    used 3293K, capacity 3472K, committed 3504K, reserved 1048576K
}
Event: 3.352 GC heap before
{Heap before GC invocations=8 (full 1):
 PSYoungGen      total 117248K, used 116895K [0x00000000d5800000, 0x00000000dea00000, 0x0000000100000000)
  eden space 109568K, 100% used [0x00000000d5800000,0x00000000dc300000,0x00000000dc300000)
  from space 7680K, 95% used [0x00000000de280000,0x00000000de9a7c00,0x00000000dea00000)
  to   space 9216K, 0% used [0x00000000dd800000,0x00000000dd800000,0x00000000de100000)
 ParOldGen       total 53760K, used 6945K [0x0000000080800000, 0x0000000083c80000, 0x00000000d5800000)
  object space 53760K, 12% used [0x0000000080800000,0x0000000080ec8760,0x0000000083c80000)
 Metaspace       used 31603K, capacity 32700K, committed 32816K, reserved 1077248K
  class space    used 4093K, capacity 4332K, committed 4400K, reserved 1048576K
Event: 3.366 GC heap after
Heap after GC invocations=8 (full 1):
 PSYoungGen      total 140288K, used 9208K [0x00000000d5800000, 0x00000000e1a00000, 0x0000000100000000)
  eden space 131072K, 0% used [0x00000000d5800000,0x00000000d5800000,0x00000000dd800000)
  from space 9216K, 99% used [0x00000000dd800000,0x00000000de0fe030,0x00000000de100000)
  to   space 11264K, 0% used [0x00000000e0f00000,0x00000000e0f00000,0x00000000e1a00000)
 ParOldGen       total 53760K, used 9026K [0x0000000080800000, 0x0000000083c80000, 0x00000000d5800000)
  object space 53760K, 16% used [0x0000000080800000,0x00000000810d0af0,0x0000000083c80000)
 Metaspace       used 31603K, capacity 32700K, committed 32816K, reserved 1077248K
  class space    used 4093K, capacity 4332K, committed 4400K, reserved 1048576K
}
Event: 4.428 GC heap before
{Heap before GC invocations=9 (full 1):
 PSYoungGen      total 140288K, used 122088K [0x00000000d5800000, 0x00000000e1a00000, 0x0000000100000000)
  eden space 131072K, 86% used [0x00000000d5800000,0x00000000dc63c348,0x00000000dd800000)
  from space 9216K, 99% used [0x00000000dd800000,0x00000000de0fe030,0x00000000de100000)
  to   space 11264K, 0% used [0x00000000e0f00000,0x00000000e0f00000,0x00000000e1a00000)
 ParOldGen       total 53760K, used 9026K [0x0000000080800000, 0x0000000083c80000, 0x00000000d5800000)
  object space 53760K, 16% used [0x0000000080800000,0x00000000810d0af0,0x0000000083c80000)
 Metaspace       used 33988K, capacity 35408K, committed 35496K, reserved 1079296K
  class space    used 4401K, capacity 4694K, committed 4776K, reserved 1048576K
Event: 4.448 GC heap after
Heap after GC invocations=9 (full 1):
 PSYoungGen      total 142336K, used 11249K [0x00000000d5800000, 0x00000000e1a00000, 0x0000000100000000)
  eden space 131072K, 0% used [0x00000000d5800000,0x00000000d5800000,0x00000000dd800000)
  from space 11264K, 99% used [0x00000000e0f00000,0x00000000e19fc430,0x00000000e1a00000)
  to   space 9216K, 0% used [0x00000000dd800000,0x00000000dd800000,0x00000000de100000)
 ParOldGen       total 53760K, used 11154K [0x0000000080800000, 0x0000000083c80000, 0x00000000d5800000)
  object space 53760K, 20% used [0x0000000080800000,0x00000000812e4a80,0x0000000083c80000)
 Metaspace       used 33988K, capacity 35408K, committed 35496K, reserved 1079296K
  class space    used 4401K, capacity 4694K, committed 4776K, reserved 1048576K
}
Event: 4.448 GC heap before
{Heap before GC invocations=10 (full 2):
 PSYoungGen      total 142336K, used 11249K [0x00000000d5800000, 0x00000000e1a00000, 0x0000000100000000)
  eden space 131072K, 0% used [0x00000000d5800000,0x00000000d5800000,0x00000000dd800000)
  from space 11264K, 99% used [0x00000000e0f00000,0x00000000e19fc430,0x00000000e1a00000)
  to   space 9216K, 0% used [0x00000000dd800000,0x00000000dd800000,0x00000000de100000)
 ParOldGen       total 53760K, used 11154K [0x0000000080800000, 0x0000000083c80000, 0x00000000d5800000)
  object space 53760K, 20% used [0x0000000080800000,0x00000000812e4a80,0x0000000083c80000)
 Metaspace       used 33988K, capacity 35408K, committed 35496K, reserved 1079296K
  class space    used 4401K, capacity 4694K, committed 4776K, reserved 1048576K
Event: 4.515 GC heap after
Heap after GC invocations=10 (full 2):
 PSYoungGen      total 142336K, used 0K [0x00000000d5800000, 0x00000000e1a00000, 0x0000000100000000)
  eden space 131072K, 0% used [0x00000000d5800000,0x00000000d5800000,0x00000000dd800000)
  from space 11264K, 0% used [0x00000000e0f00000,0x00000000e0f00000,0x00000000e1a00000)
  to   space 9216K, 0% used [0x00000000dd800000,0x00000000dd800000,0x00000000de100000)
 ParOldGen       total 86016K, used 18079K [0x0000000080800000, 0x0000000085c00000, 0x00000000d5800000)
  object space 86016K, 21% used [0x0000000080800000,0x00000000819a7d78,0x0000000085c00000)
 Metaspace       used 33988K, capacity 35408K, committed 35496K, reserved 1079296K
  class space    used 4401K, capacity 4694K, committed 4776K, reserved 1048576K
}

